<?xml version="1.0" encoding="UTF-8"?>
<testsuite xmlns:xsi="http://www.w3.org/2001/XMLSchema-instance" xsi:noNamespaceSchemaLocation="https://maven.apache.org/surefire/maven-surefire-plugin/xsd/surefire-test-report-3.0.xsd" version="3.0" name="edu.pnu.badcalc.CalculatorTest" time="0.026" tests="14" errors="0" skipped="0" failures="0">
  <properties>
[...]
</properties>
  <testcase name="testParseAndComputeAdd" classname="edu.pnu.badcalc.CalculatorTest" time="0.005"/>
  <testcase name="testAdd" classname="edu.pnu.badcalc.CalculatorTest" time="0.002"/>
  <testcase name="testSubtract" classname="edu.pnu.badcalc.CalculatorTest" time="0.002"/>
  <testcase name="testParseAndComputeMultiply" classname="edu.pnu.badcalc.CalculatorTest" time="0.002"/>
  <testcase name="testFactorialNegativeThrows" classname="edu.pnu.badcalc.CalculatorTest" time="0.001"/>
  <testcase name="testParseAndComputeSubtract" classname="edu.pnu.badcalc.CalculatorTest" time="0.001"/>
  <testcase name="testParseAndComputeBadFormat" classname="edu.pnu.badcalc.CalculatorTest" time="0.001"/>
  <testcase name="testDivideByZeroThrows" classname="edu.pnu.badcalc.CalculatorTest" time="0.002"/>
  <testcase name="testDivide" classname="edu.pnu.badcalc.CalculatorTest" time="0.001"/>
  <testcase name="testMultiply" classname="edu.pnu.badcalc.CalculatorTest" time="0.0"/>
  <testcase name="testParseAndComputeDivide" classname="edu.pnu.badcalc.CalculatorTest" time="0.001"/>
  <testcase name="testParseAndComputeInvalidOperator" classname="edu.pnu.badcalc.CalculatorTest" time="0.002"/>
  <testcase name="testFactorialOfFive" classname="edu.pnu.badcalc.CalculatorTest" time="0.0"/>
  <testcase name="testFactorialOfZero" classname="edu.pnu.badcalc.CalculatorTest" time="0.0"/>
</testsuite>